<?xml version="1.0" encoding="UTF-8"?>
<testng-results skipped="0" failed="4" ignored="0" total="13" passed="9">
  <reporter-output>
  </reporter-output>
  <suite name="Default suite" duration-ms="292655" started-at="2020-01-03T16:23:50Z" finished-at="2020-01-03T16:28:43Z">
    <groups>
    </groups>
    <test name="Default test" duration-ms="292655" started-at="2020-01-03T16:23:50Z" finished-at="2020-01-03T16:28:43Z">
      <class name="com.app.qa.testcases.HomePageTest">
        <test-method status="PASS" signature="setupHomePageTest()[pri:0, instance:com.app.qa.testcases.HomePageTest@5622fdf]" name="setupHomePageTest" is-config="true" duration-ms="19342" started-at="2020-01-03T16:23:51Z" finished-at="2020-01-03T16:24:10Z">
          <reporter-output>
          </reporter-output>
        </test-method> <!-- setupHomePageTest -->
        <test-method status="PASS" signature="testHomePageTitle()[pri:1, instance:com.app.qa.testcases.HomePageTest@5622fdf]" name="testHomePageTitle" duration-ms="28" started-at="2020-01-03T16:24:10Z" finished-at="2020-01-03T16:24:10Z">
          <reporter-output>
          </reporter-output>
        </test-method> <!-- testHomePageTitle -->
        <test-method status="PASS" signature="tearDown()[pri:0, instance:com.app.qa.testcases.HomePageTest@5622fdf]" name="tearDown" is-config="true" duration-ms="181" started-at="2020-01-03T16:24:10Z" finished-at="2020-01-03T16:24:10Z">
          <reporter-output>
          </reporter-output>
        </test-method> <!-- tearDown -->
        <test-method status="PASS" signature="setupHomePageTest()[pri:0, instance:com.app.qa.testcases.HomePageTest@5622fdf]" name="setupHomePageTest" is-config="true" duration-ms="13228" started-at="2020-01-03T16:24:10Z" finished-at="2020-01-03T16:24:23Z">
          <reporter-output>
          </reporter-output>
        </test-method> <!-- setupHomePageTest -->
        <test-method status="PASS" signature="testLogoIsDisplayed()[pri:2, instance:com.app.qa.testcases.HomePageTest@5622fdf]" name="testLogoIsDisplayed" duration-ms="54" started-at="2020-01-03T16:24:23Z" finished-at="2020-01-03T16:24:23Z">
          <reporter-output>
          </reporter-output>
        </test-method> <!-- testLogoIsDisplayed -->
        <test-method status="PASS" signature="tearDown()[pri:0, instance:com.app.qa.testcases.HomePageTest@5622fdf]" name="tearDown" is-config="true" duration-ms="132" started-at="2020-01-03T16:24:23Z" finished-at="2020-01-03T16:24:24Z">
          <reporter-output>
          </reporter-output>
        </test-method> <!-- tearDown -->
        <test-method status="PASS" signature="setupHomePageTest()[pri:0, instance:com.app.qa.testcases.HomePageTest@5622fdf]" name="setupHomePageTest" is-config="true" duration-ms="12339" started-at="2020-01-03T16:24:24Z" finished-at="2020-01-03T16:24:36Z">
          <reporter-output>
          </reporter-output>
        </test-method> <!-- setupHomePageTest -->
        <test-method status="PASS" signature="testAvailableCurencyOptions()[pri:3, instance:com.app.qa.testcases.HomePageTest@5622fdf]" name="testAvailableCurencyOptions" duration-ms="479" started-at="2020-01-03T16:24:36Z" finished-at="2020-01-03T16:24:36Z">
          <reporter-output>
          </reporter-output>
        </test-method> <!-- testAvailableCurencyOptions -->
        <test-method status="PASS" signature="tearDown()[pri:0, instance:com.app.qa.testcases.HomePageTest@5622fdf]" name="tearDown" is-config="true" duration-ms="170" started-at="2020-01-03T16:24:36Z" finished-at="2020-01-03T16:24:37Z">
          <reporter-output>
          </reporter-output>
        </test-method> <!-- tearDown -->
        <test-method status="PASS" signature="setupHomePageTest()[pri:0, instance:com.app.qa.testcases.HomePageTest@5622fdf]" name="setupHomePageTest" is-config="true" duration-ms="12877" started-at="2020-01-03T16:24:37Z" finished-at="2020-01-03T16:24:49Z">
          <reporter-output>
          </reporter-output>
        </test-method> <!-- setupHomePageTest -->
        <test-method status="PASS" signature="testSelectedCurency()[pri:4, instance:com.app.qa.testcases.HomePageTest@5622fdf]" name="testSelectedCurency" duration-ms="2855" started-at="2020-01-03T16:24:49Z" finished-at="2020-01-03T16:24:52Z">
          <reporter-output>
          </reporter-output>
        </test-method> <!-- testSelectedCurency -->
        <test-method status="PASS" signature="tearDown()[pri:0, instance:com.app.qa.testcases.HomePageTest@5622fdf]" name="tearDown" is-config="true" duration-ms="169" started-at="2020-01-03T16:24:52Z" finished-at="2020-01-03T16:24:52Z">
          <reporter-output>
          </reporter-output>
        </test-method> <!-- tearDown -->
        <test-method status="PASS" signature="setupHomePageTest()[pri:0, instance:com.app.qa.testcases.HomePageTest@5622fdf]" name="setupHomePageTest" is-config="true" duration-ms="13536" started-at="2020-01-03T16:24:52Z" finished-at="2020-01-03T16:25:06Z">
          <reporter-output>
          </reporter-output>
        </test-method> <!-- setupHomePageTest -->
        <test-method status="PASS" signature="testPopUpIsDisplayed()[pri:5, instance:com.app.qa.testcases.HomePageTest@5622fdf]" name="testPopUpIsDisplayed" duration-ms="161" started-at="2020-01-03T16:25:06Z" finished-at="2020-01-03T16:25:06Z">
          <reporter-output>
          </reporter-output>
        </test-method> <!-- testPopUpIsDisplayed -->
        <test-method status="PASS" signature="tearDown()[pri:0, instance:com.app.qa.testcases.HomePageTest@5622fdf]" name="tearDown" is-config="true" duration-ms="208" started-at="2020-01-03T16:25:06Z" finished-at="2020-01-03T16:25:06Z">
          <reporter-output>
          </reporter-output>
        </test-method> <!-- tearDown -->
        <test-method status="PASS" signature="setupHomePageTest()[pri:0, instance:com.app.qa.testcases.HomePageTest@5622fdf]" name="setupHomePageTest" is-config="true" duration-ms="12051" started-at="2020-01-03T16:25:06Z" finished-at="2020-01-03T16:25:18Z">
          <reporter-output>
          </reporter-output>
        </test-method> <!-- setupHomePageTest -->
        <test-method status="PASS" signature="testSearchPageIsDisplayed()[pri:6, instance:com.app.qa.testcases.HomePageTest@5622fdf]" name="testSearchPageIsDisplayed" duration-ms="3950" started-at="2020-01-03T16:25:18Z" finished-at="2020-01-03T16:25:22Z">
          <reporter-output>
          </reporter-output>
        </test-method> <!-- testSearchPageIsDisplayed -->
        <test-method status="PASS" signature="tearDown()[pri:0, instance:com.app.qa.testcases.HomePageTest@5622fdf]" name="tearDown" is-config="true" duration-ms="274" started-at="2020-01-03T16:25:22Z" finished-at="2020-01-03T16:25:23Z">
          <reporter-output>
          </reporter-output>
        </test-method> <!-- tearDown -->
        <test-method status="PASS" signature="setupHomePageTest()[pri:0, instance:com.app.qa.testcases.HomePageTest@5622fdf]" name="setupHomePageTest" is-config="true" duration-ms="12150" started-at="2020-01-03T16:25:23Z" finished-at="2020-01-03T16:25:35Z">
          <reporter-output>
          </reporter-output>
        </test-method> <!-- setupHomePageTest -->
        <test-method status="FAIL" signature="testAllMainMenuItems()[pri:7, instance:com.app.qa.testcases.HomePageTest@5622fdf]" name="testAllMainMenuItems" duration-ms="20064" started-at="2020-01-03T16:25:35Z" finished-at="2020-01-03T16:25:55Z">
          <exception class="junit.framework.AssertionFailedError">
            <message>
              <![CDATA[expected:<7> but was:<0>]]>
            </message>
            <full-stacktrace>
              <![CDATA[junit.framework.AssertionFailedError: expected:<7> but was:<0>
at junit.framework.Assert.fail(Assert.java:47)
at junit.framework.Assert.failNotEquals(Assert.java:282)
at junit.framework.Assert.assertEquals(Assert.java:64)
at junit.framework.Assert.assertEquals(Assert.java:201)
at junit.framework.Assert.assertEquals(Assert.java:207)
at com.app.qa.testcases.HomePageTest.testAllMainMenuItems(HomePageTest.java:68)
at sun.reflect.NativeMethodAccessorImpl.invoke0(Native Method)
at sun.reflect.NativeMethodAccessorImpl.invoke(NativeMethodAccessorImpl.java:62)
at sun.reflect.DelegatingMethodAccessorImpl.invoke(DelegatingMethodAccessorImpl.java:43)
at java.lang.reflect.Method.invoke(Method.java:498)
at org.testng.internal.MethodInvocationHelper.invokeMethod(MethodInvocationHelper.java:124)
at org.testng.internal.Invoker.invokeMethod(Invoker.java:583)
at org.testng.internal.Invoker.invokeTestMethod(Invoker.java:719)
at org.testng.internal.Invoker.invokeTestMethods(Invoker.java:989)
at org.testng.internal.TestMethodWorker.invokeTestMethods(TestMethodWorker.java:125)
at org.testng.internal.TestMethodWorker.run(TestMethodWorker.java:109)
at org.testng.TestRunner.privateRun(TestRunner.java:648)
at org.testng.TestRunner.run(TestRunner.java:505)
at org.testng.SuiteRunner.runTest(SuiteRunner.java:455)
at org.testng.SuiteRunner.runSequentially(SuiteRunner.java:450)
at org.testng.SuiteRunner.privateRun(SuiteRunner.java:415)
at org.testng.SuiteRunner.run(SuiteRunner.java:364)
at org.testng.SuiteRunnerWorker.runSuite(SuiteRunnerWorker.java:52)
at org.testng.SuiteRunnerWorker.run(SuiteRunnerWorker.java:84)
at org.testng.TestNG.runSuitesSequentially(TestNG.java:1208)
at org.testng.TestNG.runSuitesLocally(TestNG.java:1137)
at org.testng.TestNG.runSuites(TestNG.java:1049)
at org.testng.TestNG.run(TestNG.java:1017)
at org.testng.remote.AbstractRemoteTestNG.run(AbstractRemoteTestNG.java:132)
at org.testng.remote.RemoteTestNG.initAndRun(RemoteTestNG.java:236)
at org.testng.remote.RemoteTestNG.main(RemoteTestNG.java:81)
]]>
            </full-stacktrace>
          </exception> <!-- junit.framework.AssertionFailedError -->
          <reporter-output>
          </reporter-output>
        </test-method> <!-- testAllMainMenuItems -->
        <test-method status="PASS" signature="tearDown()[pri:0, instance:com.app.qa.testcases.HomePageTest@5622fdf]" name="tearDown" is-config="true" duration-ms="156" started-at="2020-01-03T16:25:55Z" finished-at="2020-01-03T16:25:55Z">
          <reporter-output>
          </reporter-output>
        </test-method> <!-- tearDown -->
        <test-method status="PASS" signature="setupHomePageTest()[pri:0, instance:com.app.qa.testcases.HomePageTest@5622fdf]" name="setupHomePageTest" is-config="true" duration-ms="13204" started-at="2020-01-03T16:25:55Z" finished-at="2020-01-03T16:26:08Z">
          <reporter-output>
          </reporter-output>
        </test-method> <!-- setupHomePageTest -->
        <test-method status="FAIL" signature="testGetSubMenuItemsForTopMenu()[pri:8, instance:com.app.qa.testcases.HomePageTest@5622fdf]" name="testGetSubMenuItemsForTopMenu" duration-ms="20406" started-at="2020-01-03T16:26:08Z" finished-at="2020-01-03T16:26:29Z">
          <exception class="junit.framework.AssertionFailedError">
            <full-stacktrace>
              <![CDATA[junit.framework.AssertionFailedError
at junit.framework.Assert.fail(Assert.java:47)
at junit.framework.Assert.assertTrue(Assert.java:20)
at junit.framework.Assert.assertTrue(Assert.java:27)
at com.app.qa.testcases.HomePageTest.testGetSubMenuItemsForTopMenu(HomePageTest.java:77)
at sun.reflect.NativeMethodAccessorImpl.invoke0(Native Method)
at sun.reflect.NativeMethodAccessorImpl.invoke(NativeMethodAccessorImpl.java:62)
at sun.reflect.DelegatingMethodAccessorImpl.invoke(DelegatingMethodAccessorImpl.java:43)
at java.lang.reflect.Method.invoke(Method.java:498)
at org.testng.internal.MethodInvocationHelper.invokeMethod(MethodInvocationHelper.java:124)
at org.testng.internal.Invoker.invokeMethod(Invoker.java:583)
at org.testng.internal.Invoker.invokeTestMethod(Invoker.java:719)
at org.testng.internal.Invoker.invokeTestMethods(Invoker.java:989)
at org.testng.internal.TestMethodWorker.invokeTestMethods(TestMethodWorker.java:125)
at org.testng.internal.TestMethodWorker.run(TestMethodWorker.java:109)
at org.testng.TestRunner.privateRun(TestRunner.java:648)
at org.testng.TestRunner.run(TestRunner.java:505)
at org.testng.SuiteRunner.runTest(SuiteRunner.java:455)
at org.testng.SuiteRunner.runSequentially(SuiteRunner.java:450)
at org.testng.SuiteRunner.privateRun(SuiteRunner.java:415)
at org.testng.SuiteRunner.run(SuiteRunner.java:364)
at org.testng.SuiteRunnerWorker.runSuite(SuiteRunnerWorker.java:52)
at org.testng.SuiteRunnerWorker.run(SuiteRunnerWorker.java:84)
at org.testng.TestNG.runSuitesSequentially(TestNG.java:1208)
at org.testng.TestNG.runSuitesLocally(TestNG.java:1137)
at org.testng.TestNG.runSuites(TestNG.java:1049)
at org.testng.TestNG.run(TestNG.java:1017)
at org.testng.remote.AbstractRemoteTestNG.run(AbstractRemoteTestNG.java:132)
at org.testng.remote.RemoteTestNG.initAndRun(RemoteTestNG.java:236)
at org.testng.remote.RemoteTestNG.main(RemoteTestNG.java:81)
]]>
            </full-stacktrace>
          </exception> <!-- junit.framework.AssertionFailedError -->
          <reporter-output>
          </reporter-output>
        </test-method> <!-- testGetSubMenuItemsForTopMenu -->
        <test-method status="PASS" signature="tearDown()[pri:0, instance:com.app.qa.testcases.HomePageTest@5622fdf]" name="tearDown" is-config="true" duration-ms="178" started-at="2020-01-03T16:26:29Z" finished-at="2020-01-03T16:26:29Z">
          <reporter-output>
          </reporter-output>
        </test-method> <!-- tearDown -->
        <test-method status="PASS" signature="setupHomePageTest()[pri:0, instance:com.app.qa.testcases.HomePageTest@5622fdf]" name="setupHomePageTest" is-config="true" duration-ms="12679" started-at="2020-01-03T16:26:29Z" finished-at="2020-01-03T16:26:42Z">
          <reporter-output>
          </reporter-output>
        </test-method> <!-- setupHomePageTest -->
        <test-method status="FAIL" signature="testClickOnSubMemnu()[pri:9, instance:com.app.qa.testcases.HomePageTest@5622fdf]" name="testClickOnSubMemnu" duration-ms="40126" started-at="2020-01-03T16:26:42Z" finished-at="2020-01-03T16:27:22Z">
          <exception class="junit.framework.ComparisonFailure">
            <message>
              <![CDATA[expected:<.... Desktops> but was:<...>]]>
            </message>
            <full-stacktrace>
              <![CDATA[junit.framework.ComparisonFailure: expected:<.... Desktops> but was:<...>
at junit.framework.Assert.assertEquals(Assert.java:81)
at junit.framework.Assert.assertEquals(Assert.java:87)
at com.app.qa.testcases.HomePageTest.testClickOnSubMemnu(HomePageTest.java:84)
at sun.reflect.NativeMethodAccessorImpl.invoke0(Native Method)
at sun.reflect.NativeMethodAccessorImpl.invoke(NativeMethodAccessorImpl.java:62)
at sun.reflect.DelegatingMethodAccessorImpl.invoke(DelegatingMethodAccessorImpl.java:43)
at java.lang.reflect.Method.invoke(Method.java:498)
at org.testng.internal.MethodInvocationHelper.invokeMethod(MethodInvocationHelper.java:124)
at org.testng.internal.Invoker.invokeMethod(Invoker.java:583)
at org.testng.internal.Invoker.invokeTestMethod(Invoker.java:719)
at org.testng.internal.Invoker.invokeTestMethods(Invoker.java:989)
at org.testng.internal.TestMethodWorker.invokeTestMethods(TestMethodWorker.java:125)
at org.testng.internal.TestMethodWorker.run(TestMethodWorker.java:109)
at org.testng.TestRunner.privateRun(TestRunner.java:648)
at org.testng.TestRunner.run(TestRunner.java:505)
at org.testng.SuiteRunner.runTest(SuiteRunner.java:455)
at org.testng.SuiteRunner.runSequentially(SuiteRunner.java:450)
at org.testng.SuiteRunner.privateRun(SuiteRunner.java:415)
at org.testng.SuiteRunner.run(SuiteRunner.java:364)
at org.testng.SuiteRunnerWorker.runSuite(SuiteRunnerWorker.java:52)
at org.testng.SuiteRunnerWorker.run(SuiteRunnerWorker.java:84)
at org.testng.TestNG.runSuitesSequentially(TestNG.java:1208)
at org.testng.TestNG.runSuitesLocally(TestNG.java:1137)
at org.testng.TestNG.runSuites(TestNG.java:1049)
at org.testng.TestNG.run(TestNG.java:1017)
at org.testng.remote.AbstractRemoteTestNG.run(AbstractRemoteTestNG.java:132)
at org.testng.remote.RemoteTestNG.initAndRun(RemoteTestNG.java:236)
at org.testng.remote.RemoteTestNG.main(RemoteTestNG.java:81)
]]>
            </full-stacktrace>
          </exception> <!-- junit.framework.ComparisonFailure -->
          <reporter-output>
          </reporter-output>
        </test-method> <!-- testClickOnSubMemnu -->
        <test-method status="PASS" signature="tearDown()[pri:0, instance:com.app.qa.testcases.HomePageTest@5622fdf]" name="tearDown" is-config="true" duration-ms="112" started-at="2020-01-03T16:27:22Z" finished-at="2020-01-03T16:27:22Z">
          <reporter-output>
          </reporter-output>
        </test-method> <!-- tearDown -->
        <test-method status="PASS" signature="setupHomePageTest()[pri:0, instance:com.app.qa.testcases.HomePageTest@5622fdf]" name="setupHomePageTest" is-config="true" duration-ms="13196" started-at="2020-01-03T16:27:22Z" finished-at="2020-01-03T16:27:35Z">
          <reporter-output>
          </reporter-output>
        </test-method> <!-- setupHomePageTest -->
        <test-method status="PASS" signature="pictureIsDisplayed()[pri:10, instance:com.app.qa.testcases.HomePageTest@5622fdf]" name="pictureIsDisplayed" duration-ms="29" started-at="2020-01-03T16:27:35Z" finished-at="2020-01-03T16:27:35Z">
          <reporter-output>
          </reporter-output>
        </test-method> <!-- pictureIsDisplayed -->
        <test-method status="PASS" signature="tearDown()[pri:0, instance:com.app.qa.testcases.HomePageTest@5622fdf]" name="tearDown" is-config="true" duration-ms="166" started-at="2020-01-03T16:27:35Z" finished-at="2020-01-03T16:27:35Z">
          <reporter-output>
          </reporter-output>
        </test-method> <!-- tearDown -->
        <test-method status="PASS" signature="setupHomePageTest()[pri:0, instance:com.app.qa.testcases.HomePageTest@5622fdf]" name="setupHomePageTest" is-config="true" duration-ms="12865" started-at="2020-01-03T16:27:35Z" finished-at="2020-01-03T16:27:48Z">
          <reporter-output>
          </reporter-output>
        </test-method> <!-- setupHomePageTest -->
        <test-method status="PASS" signature="testGetAltForCategoryPictures()[pri:10, instance:com.app.qa.testcases.HomePageTest@5622fdf]" name="testGetAltForCategoryPictures" duration-ms="246" started-at="2020-01-03T16:27:48Z" finished-at="2020-01-03T16:27:48Z">
          <reporter-output>
          </reporter-output>
        </test-method> <!-- testGetAltForCategoryPictures -->
        <test-method status="PASS" signature="tearDown()[pri:0, instance:com.app.qa.testcases.HomePageTest@5622fdf]" name="tearDown" is-config="true" duration-ms="4116" started-at="2020-01-03T16:27:48Z" finished-at="2020-01-03T16:27:52Z">
          <reporter-output>
          </reporter-output>
        </test-method> <!-- tearDown -->
        <test-method status="PASS" signature="setupHomePageTest()[pri:0, instance:com.app.qa.testcases.HomePageTest@5622fdf]" name="setupHomePageTest" is-config="true" duration-ms="12783" started-at="2020-01-03T16:27:52Z" finished-at="2020-01-03T16:28:05Z">
          <reporter-output>
          </reporter-output>
        </test-method> <!-- setupHomePageTest -->
        <test-method status="PASS" signature="testFeaturedProductsPictures()[pri:11, instance:com.app.qa.testcases.HomePageTest@5622fdf]" name="testFeaturedProductsPictures" duration-ms="332" started-at="2020-01-03T16:28:05Z" finished-at="2020-01-03T16:28:06Z">
          <reporter-output>
          </reporter-output>
        </test-method> <!-- testFeaturedProductsPictures -->
        <test-method status="PASS" signature="tearDown()[pri:0, instance:com.app.qa.testcases.HomePageTest@5622fdf]" name="tearDown" is-config="true" duration-ms="131" started-at="2020-01-03T16:28:06Z" finished-at="2020-01-03T16:28:06Z">
          <reporter-output>
          </reporter-output>
        </test-method> <!-- tearDown -->
        <test-method status="PASS" signature="setupHomePageTest()[pri:0, instance:com.app.qa.testcases.HomePageTest@5622fdf]" name="setupHomePageTest" is-config="true" duration-ms="13375" started-at="2020-01-03T16:28:06Z" finished-at="2020-01-03T16:28:19Z">
          <reporter-output>
          </reporter-output>
        </test-method> <!-- setupHomePageTest -->
        <test-method status="FAIL" signature="testLinks()[pri:11, instance:com.app.qa.testcases.HomePageTest@5622fdf]" name="testLinks" duration-ms="20010" started-at="2020-01-03T16:28:19Z" finished-at="2020-01-03T16:28:39Z">
          <exception class="junit.framework.AssertionFailedError">
            <full-stacktrace>
              <![CDATA[junit.framework.AssertionFailedError
at junit.framework.Assert.fail(Assert.java:47)
at junit.framework.Assert.assertTrue(Assert.java:20)
at junit.framework.Assert.assertTrue(Assert.java:27)
at com.app.qa.testcases.HomePageTest.testLinks(HomePageTest.java:108)
at sun.reflect.NativeMethodAccessorImpl.invoke0(Native Method)
at sun.reflect.NativeMethodAccessorImpl.invoke(NativeMethodAccessorImpl.java:62)
at sun.reflect.DelegatingMethodAccessorImpl.invoke(DelegatingMethodAccessorImpl.java:43)
at java.lang.reflect.Method.invoke(Method.java:498)
at org.testng.internal.MethodInvocationHelper.invokeMethod(MethodInvocationHelper.java:124)
at org.testng.internal.Invoker.invokeMethod(Invoker.java:583)
at org.testng.internal.Invoker.invokeTestMethod(Invoker.java:719)
at org.testng.internal.Invoker.invokeTestMethods(Invoker.java:989)
at org.testng.internal.TestMethodWorker.invokeTestMethods(TestMethodWorker.java:125)
at org.testng.internal.TestMethodWorker.run(TestMethodWorker.java:109)
at org.testng.TestRunner.privateRun(TestRunner.java:648)
at org.testng.TestRunner.run(TestRunner.java:505)
at org.testng.SuiteRunner.runTest(SuiteRunner.java:455)
at org.testng.SuiteRunner.runSequentially(SuiteRunner.java:450)
at org.testng.SuiteRunner.privateRun(SuiteRunner.java:415)
at org.testng.SuiteRunner.run(SuiteRunner.java:364)
at org.testng.SuiteRunnerWorker.runSuite(SuiteRunnerWorker.java:52)
at org.testng.SuiteRunnerWorker.run(SuiteRunnerWorker.java:84)
at org.testng.TestNG.runSuitesSequentially(TestNG.java:1208)
at org.testng.TestNG.runSuitesLocally(TestNG.java:1137)
at org.testng.TestNG.runSuites(TestNG.java:1049)
at org.testng.TestNG.run(TestNG.java:1017)
at org.testng.remote.AbstractRemoteTestNG.run(AbstractRemoteTestNG.java:132)
at org.testng.remote.RemoteTestNG.initAndRun(RemoteTestNG.java:236)
at org.testng.remote.RemoteTestNG.main(RemoteTestNG.java:81)
]]>
            </full-stacktrace>
          </exception> <!-- junit.framework.AssertionFailedError -->
          <reporter-output>
          </reporter-output>
        </test-method> <!-- testLinks -->
        <test-method status="PASS" signature="tearDown()[pri:0, instance:com.app.qa.testcases.HomePageTest@5622fdf]" name="tearDown" is-config="true" duration-ms="4086" started-at="2020-01-03T16:28:39Z" finished-at="2020-01-03T16:28:43Z">
          <reporter-output>
          </reporter-output>
        </test-method> <!-- tearDown -->
      </class> <!-- com.app.qa.testcases.HomePageTest -->
    </test> <!-- Default test -->
  </suite> <!-- Default suite -->
</testng-results>
